<?xml version="1.0" encoding="utf-8"?>
<coverage line-rate="0.8504999999999999" branch-rate="0.875" version="1.9" timestamp="1624767538" lines-covered="74" lines-valid="87" branches-covered="35" branches-valid="40">
  <sources>
    <source>C:\Users\pocho\Documents\GitHub\ObjectComparer\ObjectComparer\</source>
  </sources>
  <packages>
    <package name="ObjectComparer" line-rate="0.8504999999999999" branch-rate="0.875" complexity="45">
      <classes>
        <class name="ObjectComparer.ObjectComparer" filename="ObjectComparer.cs" line-rate="0.9606999999999999" branch-rate="0.8845999999999999" complexity="30">
          <methods>
            <method name="get_DeepCompare" signature="()" line-rate="1" branch-rate="1" complexity="1">
              <lines>
                <line number="14" hits="21" branch="False" />
              </lines>
            </method>
            <method name="get_Differences" signature="()" line-rate="1" branch-rate="1" complexity="1">
              <lines>
                <line number="19" hits="12" branch="False" />
              </lines>
            </method>
            <method name="get_CacheMemberInfo" signature="()" line-rate="1" branch-rate="1" complexity="1">
              <lines>
                <line number="24" hits="34" branch="False" />
              </lines>
            </method>
            <method name="GetCacheMemberInfo" signature="(System.Type)" line-rate="0.75" branch-rate="0.75" complexity="4">
              <lines>
                <line number="32" hits="11" branch="False" />
                <line number="33" hits="11" branch="True" condition-coverage="50% (1/2)">
                  <conditions>
                    <condition number="17" type="jump" coverage="50%" />
                  </conditions>
                </line>
                <line number="34" hits="0" branch="False" />
                <line number="35" hits="0" branch="False" />
                <line number="38" hits="288" branch="True" condition-coverage="100% (2/2)">
                  <conditions>
                    <condition number="7" type="jump" coverage="100%" />
                  </conditions>
                </line>
                <line number="39" hits="11" branch="False" />
                <line number="40" hits="11" branch="False" />
                <line number="41" hits="11" branch="False" />
              </lines>
            </method>
            <method name="CompareElements" signature="(T,T)" line-rate="1" branch-rate="0.875" complexity="8">
              <lines>
                <line number="51" hits="15" branch="False" />
                <line number="52" hits="15" branch="True" condition-coverage="75% (3/4)">
                  <conditions>
                    <condition number="7" type="jump" coverage="50%" />
                    <condition number="23" type="jump" coverage="100%" />
                  </conditions>
                </line>
                <line number="53" hits="2" branch="False" />
                <line number="54" hits="2" branch="False" />
                <line number="58" hits="13" branch="False" />
                <line number="59" hits="13" branch="False" />
                <line number="61" hits="13" branch="True" condition-coverage="100% (2/2)">
                  <conditions>
                    <condition number="66" type="jump" coverage="100%" />
                  </conditions>
                </line>
                <line number="62" hits="2" branch="False" />
                <line number="63" hits="2" branch="False" />
                <line number="67" hits="11" branch="False" />
                <line number="68" hits="11" branch="True" condition-coverage="100% (2/2)">
                  <conditions>
                    <condition number="98" type="jump" coverage="100%" />
                  </conditions>
                </line>
                <line number="69" hits="5" branch="False" />
                <line number="71" hits="6" branch="False" />
                <line number="73" hits="15" branch="False" />
              </lines>
            </method>
            <method name="AnalyzeFields" signature="(T,T,System.Reflection.MemberInfo[])" line-rate="1" branch-rate="0.9285" complexity="14">
              <lines>
                <line number="76" hits="11" branch="False" />
                <line number="77" hits="234" branch="True" condition-coverage="100% (2/2)">
                  <conditions>
                    <condition number="154" type="jump" coverage="100%" />
                  </conditions>
                </line>
                <line number="78" hits="103" branch="False" />
                <line number="79" hits="103" branch="False" />
                <line number="80" hits="103" branch="True" condition-coverage="100% (2/2)">
                  <conditions>
                    <condition number="33" type="jump" coverage="100%" />
                  </conditions>
                </line>
                <line number="81" hits="98" branch="False" />
                <line number="82" hits="98" branch="False" />
                <line number="83" hits="98" branch="False" />
                <line number="85" hits="98" branch="True" condition-coverage="83.33% (5/6)">
                  <conditions>
                    <condition number="68" type="jump" coverage="100%" />
                    <condition number="72" type="jump" coverage="50%" />
                    <condition number="96" type="jump" coverage="100%" />
                  </conditions>
                </line>
                <line number="86" hits="4" branch="False" />
                <line number="87" hits="4" branch="False" />
                <line number="90" hits="94" branch="False" />
                <line number="93" hits="5" branch="True" condition-coverage="100% (2/2)">
                  <conditions>
                    <condition number="116" type="jump" coverage="100%" />
                  </conditions>
                </line>
                <line number="94" hits="3" branch="False" />
                <line number="95" hits="3" branch="True" condition-coverage="100% (2/2)">
                  <conditions>
                    <condition number="135" type="jump" coverage="100%" />
                  </conditions>
                </line>
                <line number="96" hits="1" branch="False" />
                <line number="97" hits="1" branch="False" />
                <line number="99" hits="2" branch="False" />
                <line number="101" hits="2" branch="False" />
                <line number="102" hits="6" branch="False" />
                <line number="103" hits="11" branch="False" />
              </lines>
            </method>
            <method name="AnalyzeComplexTypes" signature="(T,T,System.Reflection.MemberInfo)" line-rate="1" branch-rate="1" complexity="1">
              <lines>
                <line number="106" hits="3" branch="False" />
                <line number="107" hits="3" branch="False" />
                <line number="108" hits="3" branch="False" />
                <line number="109" hits="3" branch="False" />
                <line number="110" hits="3" branch="False" />
              </lines>
            </method>
          </methods>
          <lines>
            <line number="14" hits="21" branch="False" />
            <line number="19" hits="12" branch="False" />
            <line number="24" hits="34" branch="False" />
            <line number="32" hits="11" branch="False" />
            <line number="33" hits="11" branch="True" condition-coverage="50% (1/2)">
              <conditions>
                <condition number="17" type="jump" coverage="50%" />
              </conditions>
            </line>
            <line number="34" hits="0" branch="False" />
            <line number="35" hits="0" branch="False" />
            <line number="38" hits="288" branch="True" condition-coverage="100% (2/2)">
              <conditions>
                <condition number="7" type="jump" coverage="100%" />
              </conditions>
            </line>
            <line number="39" hits="11" branch="False" />
            <line number="40" hits="11" branch="False" />
            <line number="41" hits="11" branch="False" />
            <line number="51" hits="15" branch="False" />
            <line number="52" hits="15" branch="True" condition-coverage="75% (3/4)">
              <conditions>
                <condition number="7" type="jump" coverage="50%" />
                <condition number="23" type="jump" coverage="100%" />
              </conditions>
            </line>
            <line number="53" hits="2" branch="False" />
            <line number="54" hits="2" branch="False" />
            <line number="58" hits="13" branch="False" />
            <line number="59" hits="13" branch="False" />
            <line number="61" hits="13" branch="True" condition-coverage="100% (2/2)">
              <conditions>
                <condition number="66" type="jump" coverage="100%" />
              </conditions>
            </line>
            <line number="62" hits="2" branch="False" />
            <line number="63" hits="2" branch="False" />
            <line number="67" hits="11" branch="False" />
            <line number="68" hits="11" branch="True" condition-coverage="100% (2/2)">
              <conditions>
                <condition number="98" type="jump" coverage="100%" />
              </conditions>
            </line>
            <line number="69" hits="5" branch="False" />
            <line number="71" hits="6" branch="False" />
            <line number="73" hits="15" branch="False" />
            <line number="76" hits="11" branch="False" />
            <line number="77" hits="234" branch="True" condition-coverage="100% (2/2)">
              <conditions>
                <condition number="154" type="jump" coverage="100%" />
              </conditions>
            </line>
            <line number="78" hits="103" branch="False" />
            <line number="79" hits="103" branch="False" />
            <line number="80" hits="103" branch="True" condition-coverage="100% (2/2)">
              <conditions>
                <condition number="33" type="jump" coverage="100%" />
              </conditions>
            </line>
            <line number="81" hits="98" branch="False" />
            <line number="82" hits="98" branch="False" />
            <line number="83" hits="98" branch="False" />
            <line number="85" hits="98" branch="True" condition-coverage="83.33% (5/6)">
              <conditions>
                <condition number="68" type="jump" coverage="100%" />
                <condition number="72" type="jump" coverage="50%" />
                <condition number="96" type="jump" coverage="100%" />
              </conditions>
            </line>
            <line number="86" hits="4" branch="False" />
            <line number="87" hits="4" branch="False" />
            <line number="90" hits="94" branch="False" />
            <line number="93" hits="5" branch="True" condition-coverage="100% (2/2)">
              <conditions>
                <condition number="116" type="jump" coverage="100%" />
              </conditions>
            </line>
            <line number="94" hits="3" branch="False" />
            <line number="95" hits="3" branch="True" condition-coverage="100% (2/2)">
              <conditions>
                <condition number="135" type="jump" coverage="100%" />
              </conditions>
            </line>
            <line number="96" hits="1" branch="False" />
            <line number="97" hits="1" branch="False" />
            <line number="99" hits="2" branch="False" />
            <line number="101" hits="2" branch="False" />
            <line number="102" hits="6" branch="False" />
            <line number="103" hits="11" branch="False" />
            <line number="106" hits="3" branch="False" />
            <line number="107" hits="3" branch="False" />
            <line number="108" hits="3" branch="False" />
            <line number="109" hits="3" branch="False" />
            <line number="110" hits="3" branch="False" />
          </lines>
        </class>
        <class name="ObjectComparer.Program" filename="Program.cs" line-rate="0" branch-rate="1" complexity="1">
          <methods>
            <method name="Main" signature="(System.String[])" line-rate="0" branch-rate="1" complexity="1">
              <lines>
                <line number="8" hits="0" branch="False" />
                <line number="9" hits="0" branch="False" />
                <line number="18" hits="0" branch="False" />
              </lines>
            </method>
          </methods>
          <lines>
            <line number="8" hits="0" branch="False" />
            <line number="9" hits="0" branch="False" />
            <line number="18" hits="0" branch="False" />
          </lines>
        </class>
        <class name="ObjectComparer.Extensions.MemberInfoExtension" filename="Extensions\MemberInfoExtension.cs" line-rate="0.5555" branch-rate="0.75" complexity="8">
          <methods>
            <method name="GetValue" signature="(System.Reflection.MemberInfo,System.Object)" line-rate="0.5555" branch-rate="0.75" complexity="4">
              <lines>
                <line number="9" hits="202" branch="False" />
                <line number="10" hits="202" branch="True" condition-coverage="75% (3/4)">
                  <conditions>
                    <condition number="12" type="jump" coverage="100%" />
                    <condition number="19" type="jump" coverage="50%" />
                  </conditions>
                </line>
                <line number="13" hits="66" branch="False" />
                <line number="15" hits="136" branch="False" />
                <line number="17" hits="0" branch="False" />
                <line number="18" hits="0" branch="False" />
                <line number="19" hits="0" branch="False" />
                <line number="20" hits="0" branch="False" />
                <line number="22" hits="202" branch="False" />
              </lines>
            </method>
            <method name="GetUnderlyingType" signature="(System.Reflection.MemberInfo)" line-rate="0.5555" branch-rate="0.75" complexity="4">
              <lines>
                <line number="25" hits="103" branch="False" />
                <line number="26" hits="103" branch="True" condition-coverage="75% (3/4)">
                  <conditions>
                    <condition number="12" type="jump" coverage="100%" />
                    <condition number="19" type="jump" coverage="50%" />
                  </conditions>
                </line>
                <line number="29" hits="34" branch="False" />
                <line number="31" hits="69" branch="False" />
                <line number="33" hits="0" branch="False" />
                <line number="34" hits="0" branch="False" />
                <line number="35" hits="0" branch="False" />
                <line number="36" hits="0" branch="False" />
                <line number="38" hits="103" branch="False" />
              </lines>
            </method>
          </methods>
          <lines>
            <line number="9" hits="202" branch="False" />
            <line number="10" hits="202" branch="True" condition-coverage="75% (3/4)">
              <conditions>
                <condition number="12" type="jump" coverage="100%" />
                <condition number="19" type="jump" coverage="50%" />
              </conditions>
            </line>
            <line number="13" hits="66" branch="False" />
            <line number="15" hits="136" branch="False" />
            <line number="17" hits="0" branch="False" />
            <line number="18" hits="0" branch="False" />
            <line number="19" hits="0" branch="False" />
            <line number="20" hits="0" branch="False" />
            <line number="22" hits="202" branch="False" />
            <line number="25" hits="103" branch="False" />
            <line number="26" hits="103" branch="True" condition-coverage="75% (3/4)">
              <conditions>
                <condition number="12" type="jump" coverage="100%" />
                <condition number="19" type="jump" coverage="50%" />
              </conditions>
            </line>
            <line number="29" hits="34" branch="False" />
            <line number="31" hits="69" branch="False" />
            <line number="33" hits="0" branch="False" />
            <line number="34" hits="0" branch="False" />
            <line number="35" hits="0" branch="False" />
            <line number="36" hits="0" branch="False" />
            <line number="38" hits="103" branch="False" />
          </lines>
        </class>
        <class name="ObjectComparer.Extensions.TypeExtension" filename="Extensions\TypeExtension.cs" line-rate="1" branch-rate="1" complexity="6">
          <methods>
            <method name="IsSimpleType" signature="(System.Type)" line-rate="1" branch-rate="1" complexity="6">
              <lines>
                <line number="13" hits="103" branch="False" />
                <line number="14" hits="103" branch="True" condition-coverage="100% (6/6)">
                  <conditions>
                    <condition number="7" type="jump" coverage="100%" />
                    <condition number="15" type="jump" coverage="100%" />
                    <condition number="107" type="jump" coverage="100%" />
                  </conditions>
                </line>
                <line number="15" hits="103" branch="False" />
                <line number="16" hits="103" branch="False" />
                <line number="17" hits="103" branch="False" />
                <line number="18" hits="103" branch="False" />
                <line number="19" hits="103" branch="False" />
                <line number="20" hits="103" branch="False" />
                <line number="21" hits="103" branch="False" />
                <line number="22" hits="103" branch="False" />
                <line number="23" hits="103" branch="False" />
                <line number="24" hits="103" branch="False" />
                <line number="25" hits="103" branch="False" />
                <line number="26" hits="103" branch="False" />
                <line number="27" hits="103" branch="False" />
              </lines>
            </method>
          </methods>
          <lines>
            <line number="13" hits="103" branch="False" />
            <line number="14" hits="103" branch="True" condition-coverage="100% (6/6)">
              <conditions>
                <condition number="7" type="jump" coverage="100%" />
                <condition number="15" type="jump" coverage="100%" />
                <condition number="107" type="jump" coverage="100%" />
              </conditions>
            </line>
            <line number="15" hits="103" branch="False" />
            <line number="16" hits="103" branch="False" />
            <line number="17" hits="103" branch="False" />
            <line number="18" hits="103" branch="False" />
            <line number="19" hits="103" branch="False" />
            <line number="20" hits="103" branch="False" />
            <line number="21" hits="103" branch="False" />
            <line number="22" hits="103" branch="False" />
            <line number="23" hits="103" branch="False" />
            <line number="24" hits="103" branch="False" />
            <line number="25" hits="103" branch="False" />
            <line number="26" hits="103" branch="False" />
            <line number="27" hits="103" branch="False" />
          </lines>
        </class>
      </classes>
    </package>
  </packages>
</coverage>